<?xml version="1.0" encoding="UTF-8"?>
<!-- Generated by org.testng.reporters.JUnitReportReporter -->
<testsuite hostname="Quantiphi-1604" failures="0" tests="1" name="com.qa.sp.test.PracticeFormPageTest" time="22.224" errors="0" timestamp="17 Mar 2021 15:04:30 GMT" skipped="0">
  <testcase classname="com.qa.sp.test.PracticeFormPageTest" name="completepracticeformtest" time="22.224"/>
</testsuite> <!-- com.qa.sp.test.PracticeFormPageTest -->
